<?xml version="1.0" encoding="UTF-8"?>
<testng-results ignored="0" total="4" passed="3" failed="0" skipped="1">
  <reporter-output>
  </reporter-output>
  <suite started-at="2025-09-07T22:53:26 IST" name="Page object model" finished-at="2025-09-07T22:53:30 IST" duration-ms="3476">
    <groups>
    </groups>
    <test started-at="2025-09-07T22:53:26 IST" name="LoginTest" finished-at="2025-09-07T22:53:30 IST" duration-ms="3476">
      <class name="Testcases.LoginTest">
        <test-method is-config="true" signature="setUp()[pri:0, instance:Testcases.LoginTest@69c43e48]" started-at="2025-09-07T22:53:26 IST" name="setUp" finished-at="2025-09-07T22:53:27 IST" duration-ms="184" status="PASS">
          <reporter-output>
          </reporter-output>
        </test-method> <!-- setUp -->
        <test-method signature="testInvalidLoginShowErrorMsg()[pri:0, instance:Testcases.LoginTest@69c43e48]" started-at="2025-09-07T22:53:27 IST" name="testInvalidLoginShowErrorMsg" finished-at="2025-09-07T22:53:29 IST" duration-ms="2389" status="PASS">
          <reporter-output>
          </reporter-output>
        </test-method> <!-- testInvalidLoginShowErrorMsg -->
        <test-method is-config="true" signature="tearDown()[pri:0, instance:Testcases.LoginTest@69c43e48]" started-at="2025-09-07T22:53:29 IST" name="tearDown" finished-at="2025-09-07T22:53:29 IST" duration-ms="19" status="PASS">
          <reporter-output>
          </reporter-output>
        </test-method> <!-- tearDown -->
        <test-method is-config="true" signature="setUp()[pri:0, instance:Testcases.LoginTest@69c43e48]" started-at="2025-09-07T22:53:29 IST" name="setUp" finished-at="2025-09-07T22:53:29 IST" duration-ms="156" status="PASS">
          <reporter-output>
          </reporter-output>
        </test-method> <!-- setUp -->
        <test-method signature="testLoginButtonDisabledWhenFieldAreEmpty()[pri:0, instance:Testcases.LoginTest@69c43e48]" started-at="2025-09-07T22:53:29 IST" name="testLoginButtonDisabledWhenFieldAreEmpty" finished-at="2025-09-07T22:53:29 IST" duration-ms="1" status="SKIP">
          <exception class="org.testng.SkipException">
            <message>
              <![CDATA[App keeps login button enabled. Test not applicable.]]>
            </message>
            <full-stacktrace>
              <![CDATA[org.testng.SkipException: App keeps login button enabled. Test not applicable.
at Testcases.LoginTest.testLoginButtonDisabledWhenFieldAreEmpty(LoginTest.java:35)
at java.base/jdk.internal.reflect.NativeMethodAccessorImpl.invoke0(Native Method)
at java.base/jdk.internal.reflect.NativeMethodAccessorImpl.invoke(NativeMethodAccessorImpl.java:62)
at java.base/jdk.internal.reflect.DelegatingMethodAccessorImpl.invoke(DelegatingMethodAccessorImpl.java:43)
at java.base/java.lang.reflect.Method.invoke(Method.java:566)
at org.testng.internal.invokers.MethodInvocationHelper.invokeMethod(MethodInvocationHelper.java:139)
at org.testng.internal.invokers.TestInvoker.invokeMethod(TestInvoker.java:664)
at org.testng.internal.invokers.TestInvoker.invokeTestMethod(TestInvoker.java:227)
at org.testng.internal.invokers.MethodRunner.runInSequence(MethodRunner.java:50)
at org.testng.internal.invokers.TestInvoker$MethodInvocationAgent.invoke(TestInvoker.java:957)
at org.testng.internal.invokers.TestInvoker.invokeTestMethods(TestInvoker.java:200)
at org.testng.internal.invokers.TestMethodWorker.invokeTestMethods(TestMethodWorker.java:148)
at org.testng.internal.invokers.TestMethodWorker.run(TestMethodWorker.java:128)
at java.base/java.util.ArrayList.forEach(ArrayList.java:1541)
at org.testng.TestRunner.privateRun(TestRunner.java:848)
at org.testng.TestRunner.run(TestRunner.java:621)
at org.testng.SuiteRunner.runTest(SuiteRunner.java:443)
at org.testng.SuiteRunner.runSequentially(SuiteRunner.java:437)
at org.testng.SuiteRunner.privateRun(SuiteRunner.java:397)
at org.testng.SuiteRunner.run(SuiteRunner.java:336)
at org.testng.SuiteRunnerWorker.runSuite(SuiteRunnerWorker.java:52)
at org.testng.SuiteRunnerWorker.run(SuiteRunnerWorker.java:95)
at org.testng.TestNG.runSuitesSequentially(TestNG.java:1280)
at org.testng.TestNG.runSuitesLocally(TestNG.java:1200)
at org.testng.TestNG.runSuites(TestNG.java:1114)
at org.testng.TestNG.run(TestNG.java:1082)
at org.testng.remote.AbstractRemoteTestNG.run(AbstractRemoteTestNG.java:115)
at org.testng.remote.RemoteTestNG.initAndRun(RemoteTestNG.java:293)
at org.testng.remote.RemoteTestNG.main(RemoteTestNG.java:91)
]]>
            </full-stacktrace>
          </exception> <!-- org.testng.SkipException -->
          <reporter-output>
          </reporter-output>
        </test-method> <!-- testLoginButtonDisabledWhenFieldAreEmpty -->
        <test-method is-config="true" signature="tearDown()[pri:0, instance:Testcases.LoginTest@69c43e48]" started-at="2025-09-07T22:53:29 IST" name="tearDown" finished-at="2025-09-07T22:53:29 IST" duration-ms="41" status="PASS">
          <reporter-output>
          </reporter-output>
        </test-method> <!-- tearDown -->
        <test-method is-config="true" signature="setUp()[pri:0, instance:Testcases.LoginTest@69c43e48]" started-at="2025-09-07T22:53:29 IST" name="setUp" finished-at="2025-09-07T22:53:29 IST" duration-ms="151" status="PASS">
          <reporter-output>
          </reporter-output>
        </test-method> <!-- setUp -->
        <test-method signature="testPageElementsPresence()[pri:0, instance:Testcases.LoginTest@69c43e48]" started-at="2025-09-07T22:53:29 IST" name="testPageElementsPresence" finished-at="2025-09-07T22:53:30 IST" duration-ms="109" status="PASS">
          <reporter-output>
          </reporter-output>
        </test-method> <!-- testPageElementsPresence -->
        <test-method is-config="true" signature="tearDown()[pri:0, instance:Testcases.LoginTest@69c43e48]" started-at="2025-09-07T22:53:30 IST" name="tearDown" finished-at="2025-09-07T22:53:30 IST" duration-ms="20" status="PASS">
          <reporter-output>
          </reporter-output>
        </test-method> <!-- tearDown -->
        <test-method is-config="true" signature="setUp()[pri:0, instance:Testcases.LoginTest@69c43e48]" started-at="2025-09-07T22:53:30 IST" name="setUp" finished-at="2025-09-07T22:53:30 IST" duration-ms="162" status="PASS">
          <reporter-output>
          </reporter-output>
        </test-method> <!-- setUp -->
        <test-method signature="testPasswordMaskedbutton()[pri:0, instance:Testcases.LoginTest@69c43e48]" started-at="2025-09-07T22:53:30 IST" name="testPasswordMaskedbutton" finished-at="2025-09-07T22:53:30 IST" duration-ms="184" status="PASS">
          <reporter-output>
          </reporter-output>
        </test-method> <!-- testPasswordMaskedbutton -->
        <test-method is-config="true" signature="tearDown()[pri:0, instance:Testcases.LoginTest@69c43e48]" started-at="2025-09-07T22:53:30 IST" name="tearDown" finished-at="2025-09-07T22:53:30 IST" duration-ms="22" status="PASS">
          <reporter-output>
          </reporter-output>
        </test-method> <!-- tearDown -->
      </class> <!-- Testcases.LoginTest -->
    </test> <!-- LoginTest -->
  </suite> <!-- Page object model -->
</testng-results>
