<?xml version="1.0" encoding="UTF-8"?>
<!-- Generated by org.testng.reporters.JUnitXMLReporter -->
<testsuite ignored="0" hostname="DESKTOP-A2P4MIF" failures="0" tests="4" name="LoginTest" time="3.476" errors="0" timestamp="2025-09-07T22:53:30 IST">
  <testcase classname="Testcases.LoginTest" name="testInvalidLoginShowErrorMsg" time="2.389"/>
  <testcase classname="Testcases.LoginTest" name="testLoginButtonDisabledWhenFieldAreEmpty" time="0.001">
    <skipped/>
  </testcase> <!-- testLoginButtonDisabledWhenFieldAreEmpty -->
  <testcase classname="Testcases.LoginTest" name="testPageElementsPresence" time="0.109"/>
  <testcase classname="Testcases.LoginTest" name="testPasswordMaskedbutton" time="0.184"/>
</testsuite> <!-- LoginTest -->
